<?xml version="1.0" encoding="UTF-8"?>
<!-- Generated by org.testng.reporters.JUnitXMLReporter -->
<testsuite ignored="0" hostname="Sumanth" failures="0" tests="4" name="Default test" time="52.238" errors="0" timestamp="2022-12-05T08:31:50 AEDT">
  <testcase classname="com.qa.tests.ProductTests" name="login" time="3.596"/>
  <testcase classname="com.qa.tests.ProductTests" name="validateProductOnProductsPage" time="2.829"/>
  <testcase classname="com.qa.tests.ProductTests" name="verifyProductDetailsPage" time="27.32"/>
  <testcase classname="com.qa.tests.ProductTests" name="logOut" time="2.292"/>
</testsuite> <!-- Default test -->
