<?xml version="1.0" encoding="UTF-8"?>
<!-- Generated by org.testng.reporters.JUnitXMLReporter -->
<testsuite ignored="0" hostname="Sumanth" failures="0" tests="3" name="Login-Test" time="53.826" errors="0" timestamp="2022-11-25T15:32:32 AEDT">
  <testcase classname="com.qa.tests.LoginTests" name="invalidUserName" time="4.999"/>
  <testcase classname="com.qa.tests.LoginTests" name="invalidPassword" time="2.484"/>
  <testcase classname="com.qa.tests.LoginTests" name="ValidCredentials" time="4.797"/>
</testsuite> <!-- Login-Test -->
