<?xml version="1.0" encoding="UTF-8"?>
<!-- Generated by org.testng.reporters.JUnitXMLReporter -->
<testsuite ignored="0" hostname="Sumanth" failures="0" tests="4" name="SwagLabs Test" time="33.429" errors="0" timestamp="2023-01-03T14:36:29 AEDT">
  <testcase classname="com.qa.tests.ProductTests" name="login" time="3.427"/>
  <testcase classname="com.qa.tests.ProductTests" name="validateProductOnProductsPage" time="2.456"/>
  <testcase classname="com.qa.tests.ProductTests" name="verifyProductDetailsPage" time="7.8"/>
  <testcase classname="com.qa.tests.ProductTests" name="logOut" time="2.33"/>
</testsuite> <!-- SwagLabs Test -->
