<?xml version="1.0" encoding="UTF-8"?>
<!-- Generated by org.testng.reporters.JUnitXMLReporter -->
<testsuite ignored="2" hostname="Sumanth" failures="0" tests="2" name="SwagLabs Test" time="75.576" errors="0" timestamp="2022-12-29T19:50:08 AEDT">
  <testcase classname="com.qa.tests.ProductTests" name="validateProductOnProductsPage" time="5.423"/>
  <testcase classname="com.qa.tests.ProductTests" name="verifyProductDetailsPage" time="26.041"/>
  <testcase classname="com.qa.tests.ProductTests" name="login" time="0.0">
    <ignored/>
  </testcase> <!-- login -->
  <testcase classname="com.qa.tests.ProductTests" name="logOut" time="0.0">
    <ignored/>
  </testcase> <!-- logOut -->
</testsuite> <!-- SwagLabs Test -->
