<?xml version="1.0" encoding="UTF-8"?>
<!-- Generated by org.testng.reporters.JUnitXMLReporter -->
<testsuite ignored="0" hostname="Sumanth" failures="0" tests="3" name="Test" time="33.368" errors="0" timestamp="2022-11-24T22:27:39 AEDT">
  <testcase classname="com.qa.tests.LoginTests" name="invalidUserName" time="3.656"/>
  <testcase classname="com.qa.tests.LoginTests" name="invalidPassword" time="1.596"/>
  <testcase classname="com.qa.tests.LoginTests" name="ValidCredentials" time="3.982"/>
</testsuite> <!-- Test -->
