<?xml version="1.0" encoding="UTF-8"?>
<!-- Generated by org.testng.reporters.JUnitXMLReporter -->
<testsuite ignored="2" hostname="Sumanth" failures="0" tests="2" name="SwagLabs Test" time="26.323" errors="0" timestamp="2022-12-29T20:11:21 AEDT">
  <testcase classname="com.qa.tests.ProductTests" name="validateProductOnProductsPage" time="2.71"/>
  <testcase classname="com.qa.tests.ProductTests" name="verifyProductDetailsPage" time="10.894"/>
  <testcase classname="com.qa.tests.ProductTests" name="logOut" time="0.0">
    <ignored/>
  </testcase> <!-- logOut -->
  <testcase classname="com.qa.tests.ProductTests" name="login" time="0.0">
    <ignored/>
  </testcase> <!-- login -->
</testsuite> <!-- SwagLabs Test -->
