<?xml version="1.0" encoding="UTF-8"?>
<testng-results ignored="2" total="4" passed="2" failed="0" skipped="0">
  <reporter-output>
  </reporter-output>
  <suite started-at="2022-12-29T20:10:55 AEDT" name="Suite" finished-at="2022-12-29T20:11:21 AEDT" duration-ms="26323">
    <groups>
    </groups>
    <test started-at="2022-12-29T20:10:55 AEDT" name="SwagLabs Test" finished-at="2022-12-29T20:11:21 AEDT" duration-ms="26323">
      <class name="com.qa.tests.ProductTests">
        <test-method is-config="true" signature="beforeSuite()[pri:0, instance:com.qa.tests.ProductTests@7d61eb55]" started-at="2022-12-29T20:10:53 AEDT" name="beforeSuite" finished-at="2022-12-29T20:10:55 AEDT" duration-ms="1573" status="PASS">
          <reporter-output>
          </reporter-output>
        </test-method> <!-- beforeSuite -->
        <test-method is-config="true" signature="beforeClass(java.lang.String,java.lang.String,java.lang.String,java.lang.String,java.lang.String)[pri:0, instance:com.qa.tests.ProductTests@7d61eb55]" started-at="2022-12-29T20:10:55 AEDT" name="beforeClass" finished-at="2022-12-29T20:11:04 AEDT" duration-ms="9028" status="PASS">
          <params>
            <param index="0">
              <value>
                <![CDATA[Android]]>
              </value>
            </param>
            <param index="1">
              <value>
                <![CDATA[Pixel 4]]>
              </value>
            </param>
            <param index="2">
              <value>
                <![CDATA[emulator-5554]]>
              </value>
            </param>
            <param index="3">
              <value>
                <![CDATA[pin]]>
              </value>
            </param>
            <param index="4">
              <value>
                <![CDATA[1504]]>
              </value>
            </param>
          </params>
          <reporter-output>
          </reporter-output>
        </test-method> <!-- beforeClass -->
        <test-method is-config="true" signature="beforeMethod(java.lang.reflect.Method)[pri:0, instance:com.qa.tests.ProductTests@7d61eb55]" started-at="2022-12-29T20:11:04 AEDT" name="beforeMethod" finished-at="2022-12-29T20:11:05 AEDT" duration-ms="1098" status="PASS">
          <params>
            <param index="0">
              <value>
                <![CDATA[public void com.qa.tests.ProductTests.validateProductOnProductsPage() throws java.lang.Exception]]>
              </value>
            </param>
          </params>
          <reporter-output>
          </reporter-output>
        </test-method> <!-- beforeMethod -->
        <test-method signature="validateProductOnProductsPage()[pri:2, instance:com.qa.tests.ProductTests@7d61eb55]" started-at="2022-12-29T20:11:05 AEDT" name="validateProductOnProductsPage" finished-at="2022-12-29T20:11:08 AEDT" duration-ms="2710" status="PASS">
          <reporter-output>
          </reporter-output>
        </test-method> <!-- validateProductOnProductsPage -->
        <test-method is-config="true" signature="RecordScreen(org.testng.ITestResult)[pri:0, instance:com.qa.tests.ProductTests@7d61eb55]" started-at="2022-12-29T20:11:08 AEDT" name="RecordScreen" finished-at="2022-12-29T20:11:08 AEDT" duration-ms="445" status="PASS">
          <params>
            <param index="0">
              <value>
                <![CDATA[[TestResult name=validateProductOnProductsPage status=SUCCESS method=ProductTests.validateProductOnProductsPage()[pri:2, instance:com.qa.tests.ProductTests@7d61eb55] output={null}]]]>
              </value>
            </param>
          </params>
          <reporter-output>
          </reporter-output>
        </test-method> <!-- RecordScreen -->
        <test-method is-config="true" signature="beforeMethod(java.lang.reflect.Method)[pri:0, instance:com.qa.tests.ProductTests@7d61eb55]" started-at="2022-12-29T20:11:08 AEDT" name="beforeMethod" finished-at="2022-12-29T20:11:09 AEDT" duration-ms="1006" status="PASS">
          <params>
            <param index="0">
              <value>
                <![CDATA[public void com.qa.tests.ProductTests.verifyProductDetailsPage() throws java.lang.Exception]]>
              </value>
            </param>
          </params>
          <reporter-output>
          </reporter-output>
        </test-method> <!-- beforeMethod -->
        <test-method signature="verifyProductDetailsPage()[pri:3, instance:com.qa.tests.ProductTests@7d61eb55]" started-at="2022-12-29T20:11:09 AEDT" name="verifyProductDetailsPage" finished-at="2022-12-29T20:11:20 AEDT" duration-ms="10894" status="PASS">
          <reporter-output>
          </reporter-output>
        </test-method> <!-- verifyProductDetailsPage -->
        <test-method is-config="true" signature="RecordScreen(org.testng.ITestResult)[pri:0, instance:com.qa.tests.ProductTests@7d61eb55]" started-at="2022-12-29T20:11:20 AEDT" name="RecordScreen" finished-at="2022-12-29T20:11:21 AEDT" duration-ms="456" status="PASS">
          <params>
            <param index="0">
              <value>
                <![CDATA[[TestResult name=verifyProductDetailsPage status=SUCCESS method=ProductTests.verifyProductDetailsPage()[pri:3, instance:com.qa.tests.ProductTests@7d61eb55] output={null}]]]>
              </value>
            </param>
          </params>
          <reporter-output>
          </reporter-output>
        </test-method> <!-- RecordScreen -->
        <test-method is-config="true" signature="quitDriver()[pri:0, instance:com.qa.tests.ProductTests@7d61eb55]" started-at="2022-12-29T20:11:21 AEDT" name="quitDriver" finished-at="2022-12-29T20:11:21 AEDT" duration-ms="379" status="PASS">
          <reporter-output>
          </reporter-output>
        </test-method> <!-- quitDriver -->
        <test-method is-config="true" signature="afterSuite()[pri:0, instance:com.qa.tests.ProductTests@7d61eb55]" started-at="2022-12-29T20:11:21 AEDT" name="afterSuite" finished-at="2022-12-29T20:11:21 AEDT" duration-ms="50" status="PASS">
          <reporter-output>
          </reporter-output>
        </test-method> <!-- afterSuite -->
      </class> <!-- com.qa.tests.ProductTests -->
    </test> <!-- SwagLabs Test -->
  </suite> <!-- Suite -->
</testng-results>
