<?xml version="1.0" encoding="UTF-8"?>
<testsuite xmlns:xsi="http://www.w3.org/2001/XMLSchema-instance" xsi:noNamespaceSchemaLocation="https://maven.apache.org/surefire/maven-surefire-plugin/xsd/surefire-test-report-3.0.xsd" version="3.0" name="TestSuite" time="28.622" tests="2" errors="0" skipped="0" failures="0">
  <properties>
[...]
</properties>
  <testcase name="validateProductOnProductsPage" classname="com.qa.tests.ProductTests" time="2.968">
    <system-out><![CDATA[&amp#27;[35m[Appium]&amp#27;[39m Welcome to Appium v1.22.3
&amp#27;[35m[Appium]&amp#27;[39m Non-default server args:
&amp#27;[35m[Appium]&amp#27;[39m   basePath: /wd/hub/
&amp#27;[35m[Appium]&amp#27;[39m   sessionOverride: true
&amp#27;[35m[Appium]&amp#27;[39m Appium REST http interface listener started on 0.0.0.0:4723
&amp#27;[35m[HTTP]&amp#27;[39m &amp#27;[37m-->&amp#27;[39m &amp#27;[37mGET&amp#27;[39m &amp#27;[37m/wd/hub/status&amp#27;[39m
&amp#27;[35m[HTTP]&amp#27;[39m &amp#27;[90m{}&amp#27;[39m
[debug] &amp#27;[35m[GENERIC]&amp#27;[39m Calling AppiumDriver.getStatus() with args: []
[debug] &amp#27;[35m[GENERIC]&amp#27;[39m Responding to client with driver.getStatus() result: {"build":{"version":"1.22.3"}}
&amp#27;[35m[HTTP]&amp#27;[39m &amp#27;[37m<-- GET /wd/hub/status &amp#27;[39m&amp#27;[32m200&amp#27;[39m &amp#27;[90m11 ms - 68&amp#27;[39m
&amp#27;[35m[HTTP]&amp#27;[39m &amp#27;[90m&amp#27;[39m
[INFO ] 2022-12-29 20:10:55.313 commonFunctions:55 - Appium server started...
[INFO ] 2022-12-29 20:11:03.919 commonFunctions:55 - Created driver
[INFO ] 2022-12-29 20:11:03.946 commonFunctions:55 - Launching application:com.swaglabsmobileapp
[INFO ] 2022-12-29 20:11:05.468 ProductTests:130 - 
 ********Starting test:validateProductOnProductsPage***********

[INFO ] 2022-12-29 20:11:05.608 commonFunctions:55 - Deep Link URI executed: swaglabs://swag-overview/0,1
[INFO ] 2022-12-29 20:11:05.611 commonFunctions:55 - waiting for element to be visible:Located by By.chained({By.xpath: (//android.widget.TextView[@content-desc="test-Item title"])[1]})
[INFO ] 2022-12-29 20:11:07.561 commonFunctions:55 - waiting for element to be visible:Located by By.chained({By.xpath: (//android.widget.TextView[@content-desc="test-Price"])[1]})
]]></system-out>
    <system-err><![CDATA[SLF4J: No SLF4J providers were found.
SLF4J: Defaulting to no-operation (NOP) logger implementation
SLF4J: See https://www.slf4j.org/codes.html#noProviders for further details.
2022-12-29 20:10:55,253 main ERROR File contains an invalid element or attribute "filePattern"
2022-12-29 20:10:55,255 main ERROR appender File has no parameter that matches element Policies
2022-12-29 20:10:55,255 main ERROR appender File has no parameter that matches element DefaultRolloverStrategy
]]></system-err>
  </testcase>
  <testcase name="verifyProductDetailsPage" classname="com.qa.tests.ProductTests" time="10.917">
    <system-out><![CDATA[[INFO ] 2022-12-29 20:11:08.437 commonFunctions:55 - Closing application...
[INFO ] 2022-12-29 20:11:09.889 ProductTests:130 - 
 ********Starting test:verifyProductDetailsPage***********

[INFO ] 2022-12-29 20:11:10.855 commonFunctions:55 - Deep Link URI executed: swaglabs://swag-overview/0,1
[INFO ] 2022-12-29 20:11:10.857 commonFunctions:55 - waiting for element to be visible:Located by By.chained({By.xpath: (//android.widget.TextView[@content-desc="test-Item title"])[1]})
[INFO ] 2022-12-29 20:11:14.117 commonFunctions:55 - Sauce Labs Backpack clicked.
[INFO ] 2022-12-29 20:11:14.386 commonFunctions:55 - waiting for element to be visible:Located by By.chained({By.xpath: //android.view.ViewGroup[@content-desc="test-Description"]/android.widget.TextView[1]})
[INFO ] 2022-12-29 20:11:19.969 commonFunctions:55 - waiting for element to be visible:Located by By.chained({AppiumBy.accessibilityId: test-Price})
[INFO ] 2022-12-29 20:11:20.083 commonFunctions:55 - waiting for element to be visible:Located by By.chained({By.xpath: //android.view.ViewGroup[@content-desc="test-BACK TO PRODUCTS"]/android.widget.TextView})
[INFO ] 2022-12-29 20:11:20.564 commonFunctions:55 - BACK TO PRODUCTS clicked.
]]></system-out>
  </testcase>
</testsuite>