<?xml version="1.0" encoding="UTF-8"?>
<testng-results ignored="0" total="4" passed="4" failed="0" skipped="0">
  <reporter-output>
  </reporter-output>
  <suite started-at="2023-01-03T14:35:56 AEDT" name="Suite" finished-at="2023-01-03T14:36:29 AEDT" duration-ms="33429">
    <groups>
    </groups>
    <test started-at="2023-01-03T14:35:56 AEDT" name="SwagLabs Test" finished-at="2023-01-03T14:36:29 AEDT" duration-ms="33429">
      <class name="com.qa.tests.ProductTests">
        <test-method is-config="true" signature="beforeSuite()[pri:0, instance:com.qa.tests.ProductTests@27912e3]" started-at="2023-01-03T14:35:52 AEDT" name="beforeSuite" finished-at="2023-01-03T14:35:56 AEDT" duration-ms="3325" status="PASS">
          <reporter-output>
          </reporter-output>
        </test-method> <!-- beforeSuite -->
        <test-method is-config="true" signature="beforeClass(java.lang.String,java.lang.String,java.lang.String,java.lang.String,java.lang.String)[pri:0, instance:com.qa.tests.ProductTests@27912e3]" started-at="2023-01-03T14:35:56 AEDT" name="beforeClass" finished-at="2023-01-03T14:36:08 AEDT" duration-ms="12841" status="PASS">
          <params>
            <param index="0">
              <value>
                <![CDATA[Android]]>
              </value>
            </param>
            <param index="1">
              <value>
                <![CDATA[Pixel 4]]>
              </value>
            </param>
            <param index="2">
              <value>
                <![CDATA[emulator-5554]]>
              </value>
            </param>
            <param index="3">
              <value>
                <![CDATA[pin]]>
              </value>
            </param>
            <param index="4">
              <value>
                <![CDATA[1504]]>
              </value>
            </param>
          </params>
          <reporter-output>
          </reporter-output>
        </test-method> <!-- beforeClass -->
        <test-method is-config="true" signature="beforeMethod(java.lang.reflect.Method)[pri:0, instance:com.qa.tests.ProductTests@27912e3]" started-at="2023-01-03T14:36:08 AEDT" name="beforeMethod" finished-at="2023-01-03T14:36:10 AEDT" duration-ms="1219" status="PASS">
          <params>
            <param index="0">
              <value>
                <![CDATA[public void com.qa.tests.ProductTests.login() throws java.lang.Exception]]>
              </value>
            </param>
          </params>
          <reporter-output>
          </reporter-output>
        </test-method> <!-- beforeMethod -->
        <test-method signature="login()[pri:1, instance:com.qa.tests.ProductTests@27912e3]" started-at="2023-01-03T14:36:10 AEDT" name="login" finished-at="2023-01-03T14:36:13 AEDT" duration-ms="3427" status="PASS">
          <reporter-output>
          </reporter-output>
        </test-method> <!-- login -->
        <test-method is-config="true" signature="RecordScreen(org.testng.ITestResult)[pri:0, instance:com.qa.tests.ProductTests@27912e3]" started-at="2023-01-03T14:36:13 AEDT" name="RecordScreen" finished-at="2023-01-03T14:36:13 AEDT" duration-ms="1" status="PASS">
          <params>
            <param index="0">
              <value>
                <![CDATA[[TestResult name=login status=SUCCESS method=ProductTests.login()[pri:1, instance:com.qa.tests.ProductTests@27912e3] output={null}]]]>
              </value>
            </param>
          </params>
          <reporter-output>
          </reporter-output>
        </test-method> <!-- RecordScreen -->
        <test-method is-config="true" signature="beforeMethod(java.lang.reflect.Method)[pri:0, instance:com.qa.tests.ProductTests@27912e3]" started-at="2023-01-03T14:36:13 AEDT" name="beforeMethod" finished-at="2023-01-03T14:36:14 AEDT" duration-ms="1006" status="PASS">
          <params>
            <param index="0">
              <value>
                <![CDATA[public void com.qa.tests.ProductTests.validateProductOnProductsPage() throws java.lang.Exception]]>
              </value>
            </param>
          </params>
          <reporter-output>
          </reporter-output>
        </test-method> <!-- beforeMethod -->
        <test-method signature="validateProductOnProductsPage()[pri:2, instance:com.qa.tests.ProductTests@27912e3]" started-at="2023-01-03T14:36:14 AEDT" name="validateProductOnProductsPage" finished-at="2023-01-03T14:36:17 AEDT" duration-ms="2456" status="PASS">
          <reporter-output>
          </reporter-output>
        </test-method> <!-- validateProductOnProductsPage -->
        <test-method is-config="true" signature="RecordScreen(org.testng.ITestResult)[pri:0, instance:com.qa.tests.ProductTests@27912e3]" started-at="2023-01-03T14:36:17 AEDT" name="RecordScreen" finished-at="2023-01-03T14:36:17 AEDT" duration-ms="0" status="PASS">
          <params>
            <param index="0">
              <value>
                <![CDATA[[TestResult name=validateProductOnProductsPage status=SUCCESS method=ProductTests.validateProductOnProductsPage()[pri:2, instance:com.qa.tests.ProductTests@27912e3] output={null}]]]>
              </value>
            </param>
          </params>
          <reporter-output>
          </reporter-output>
        </test-method> <!-- RecordScreen -->
        <test-method is-config="true" signature="beforeMethod(java.lang.reflect.Method)[pri:0, instance:com.qa.tests.ProductTests@27912e3]" started-at="2023-01-03T14:36:17 AEDT" name="beforeMethod" finished-at="2023-01-03T14:36:18 AEDT" duration-ms="1006" status="PASS">
          <params>
            <param index="0">
              <value>
                <![CDATA[public void com.qa.tests.ProductTests.verifyProductDetailsPage() throws java.lang.Exception]]>
              </value>
            </param>
          </params>
          <reporter-output>
          </reporter-output>
        </test-method> <!-- beforeMethod -->
        <test-method signature="verifyProductDetailsPage()[pri:3, instance:com.qa.tests.ProductTests@27912e3]" started-at="2023-01-03T14:36:18 AEDT" name="verifyProductDetailsPage" finished-at="2023-01-03T14:36:26 AEDT" duration-ms="7800" status="PASS">
          <reporter-output>
          </reporter-output>
        </test-method> <!-- verifyProductDetailsPage -->
        <test-method is-config="true" signature="RecordScreen(org.testng.ITestResult)[pri:0, instance:com.qa.tests.ProductTests@27912e3]" started-at="2023-01-03T14:36:26 AEDT" name="RecordScreen" finished-at="2023-01-03T14:36:26 AEDT" duration-ms="0" status="PASS">
          <params>
            <param index="0">
              <value>
                <![CDATA[[TestResult name=verifyProductDetailsPage status=SUCCESS method=ProductTests.verifyProductDetailsPage()[pri:3, instance:com.qa.tests.ProductTests@27912e3] output={null}]]]>
              </value>
            </param>
          </params>
          <reporter-output>
          </reporter-output>
        </test-method> <!-- RecordScreen -->
        <test-method is-config="true" signature="beforeMethod(java.lang.reflect.Method)[pri:0, instance:com.qa.tests.ProductTests@27912e3]" started-at="2023-01-03T14:36:26 AEDT" name="beforeMethod" finished-at="2023-01-03T14:36:27 AEDT" duration-ms="1005" status="PASS">
          <params>
            <param index="0">
              <value>
                <![CDATA[public void com.qa.tests.ProductTests.logOut() throws java.lang.Exception]]>
              </value>
            </param>
          </params>
          <reporter-output>
          </reporter-output>
        </test-method> <!-- beforeMethod -->
        <test-method signature="logOut()[pri:4, instance:com.qa.tests.ProductTests@27912e3]" started-at="2023-01-03T14:36:27 AEDT" name="logOut" finished-at="2023-01-03T14:36:29 AEDT" duration-ms="2330" status="PASS">
          <reporter-output>
          </reporter-output>
        </test-method> <!-- logOut -->
        <test-method is-config="true" signature="quitDriver()[pri:0, instance:com.qa.tests.ProductTests@27912e3]" started-at="2023-01-03T14:36:29 AEDT" name="quitDriver" finished-at="2023-01-03T14:36:29 AEDT" duration-ms="0" status="PASS">
          <reporter-output>
          </reporter-output>
        </test-method> <!-- quitDriver -->
        <test-method is-config="true" signature="RecordScreen(org.testng.ITestResult)[pri:0, instance:com.qa.tests.ProductTests@27912e3]" started-at="2023-01-03T14:36:29 AEDT" name="RecordScreen" finished-at="2023-01-03T14:36:29 AEDT" duration-ms="0" status="PASS">
          <params>
            <param index="0">
              <value>
                <![CDATA[[TestResult name=logOut status=SUCCESS method=ProductTests.logOut()[pri:4, instance:com.qa.tests.ProductTests@27912e3] output={null}]]]>
              </value>
            </param>
          </params>
          <reporter-output>
          </reporter-output>
        </test-method> <!-- RecordScreen -->
        <test-method is-config="true" signature="afterSuite()[pri:0, instance:com.qa.tests.ProductTests@27912e3]" started-at="2023-01-03T14:36:29 AEDT" name="afterSuite" finished-at="2023-01-03T14:36:30 AEDT" duration-ms="621" status="PASS">
          <reporter-output>
          </reporter-output>
        </test-method> <!-- afterSuite -->
      </class> <!-- com.qa.tests.ProductTests -->
    </test> <!-- SwagLabs Test -->
  </suite> <!-- Suite -->
</testng-results>
